<?xml version="1.0" encoding="UTF-8"?>
<!-- Generated by org.testng.reporters.JUnitReportReporter -->
<testsuite hostname="SPNXIN-4CDJ924" failures="0" tests="2" name="day43.AnnotationsDemo1" time="0.023" errors="0" timestamp="2024-09-10T16:51:12 IST" skipped="0">
  <testcase classname="day43.AnnotationsDemo1" name="search" time="0.018"/>
  <system-out/>
  <testcase classname="day43.AnnotationsDemo1" name="advancedSearch" time="0.005"/>
  <system-out/>
</testsuite> <!-- day43.AnnotationsDemo1 -->
