<?xml version="1.0" encoding="UTF-8"?>
<!-- Generated by org.testng.reporters.JUnitReportReporter -->
<testsuite hostname="SPNXIN-4CDJ924" failures="0" tests="3" name="day42.MyFirstTestcase" time="0.012" errors="0" timestamp="2024-09-10T16:07:09 IST" skipped="0">
  <testcase classname="day42.MyFirstTestcase" name="openapp" time="0.000"/>
  <system-out/>
  <testcase classname="day42.MyFirstTestcase" name="login" time="0.012"/>
  <system-out/>
  <testcase classname="day42.MyFirstTestcase" name="logout" time="0.000"/>
  <system-out/>
</testsuite> <!-- day42.MyFirstTestcase -->
