<?xml version="1.0" encoding="UTF-8"?>
<!-- Generated by org.testng.reporters.JUnitReportReporter -->
<testsuite hostname="SPNXIN-4CDJ924" failures="0" tests="1" name="day47.LoginTest" time="2.818" errors="0" timestamp="2024-09-25T19:11:53 IST" skipped="0">
  <testcase classname="day47.LoginTest" name="testLogin" time="2.818"/>
  <system-out/>
</testsuite> <!-- day47.LoginTest -->
