<?xml version="1.0" encoding="UTF-8"?>
<!-- Generated by org.testng.reporters.JUnitReportReporter -->
<testsuite hostname="SPNXIN-4CDJ924" failures="0" tests="2" name="day44.PaymentTests" time="0.017" errors="0" timestamp="2024-09-12T14:58:22 IST" skipped="0">
  <testcase classname="day44.PaymentTests" name="paymentInRupees" time="0.013"/>
  <system-out/>
  <testcase classname="day44.PaymentTests" name="paymentInUSD" time="0.004"/>
  <system-out/>
</testsuite> <!-- day44.PaymentTests -->
