<?xml version="1.0" encoding="UTF-8"?>
<!-- Generated by org.testng.reporters.JUnitReportReporter -->
<testsuite hostname="SPNXIN-4CDJ924" failures="0" tests="3" name="day44.LoginTests" time="0.030" errors="0" timestamp="2024-09-12T14:51:02 IST" skipped="0">
  <testcase classname="day44.LoginTests" name="loginByEmail" time="0.025"/>
  <system-out/>
  <testcase classname="day44.LoginTests" name="loginByFB" time="0.003"/>
  <system-out/>
  <testcase classname="day44.LoginTests" name="loginByTW" time="0.002"/>
  <system-out/>
</testsuite> <!-- day44.LoginTests -->
