<?xml version="1.0" encoding="UTF-8"?>
<!-- Generated by org.testng.reporters.JUnitReportReporter -->
<testsuite hostname="SPNXIN-4CDJ924" failures="0" tests="2" name="day43.AnnotationsDemo2" time="0.020" errors="0" timestamp="2024-09-10T16:55:29 IST" skipped="0">
  <testcase classname="day43.AnnotationsDemo2" name="search" time="0.012"/>
  <system-out/>
  <testcase classname="day43.AnnotationsDemo2" name="advancedSearch" time="0.008"/>
  <system-out/>
</testsuite> <!-- day43.AnnotationsDemo2 -->
