<?xml version="1.0" encoding="UTF-8"?>
<!-- Generated by org.testng.reporters.JUnitReportReporter -->
<testsuite hostname="SPNXIN-4CDJ924" failures="0" tests="2" name="day43.pack.C2" time="0.004" errors="0" timestamp="2024-09-10T17:12:32 IST" skipped="0">
  <testcase classname="day43.pack.C2" name="xyz" time="0.001"/>
  <system-out/>
  <testcase classname="day43.pack.C2" name="xyz" time="0.003"/>
  <system-out/>
</testsuite> <!-- day43.pack.C2 -->
