<?xml version="1.0" encoding="UTF-8"?>
<!-- Generated by org.testng.reporters.JUnitReportReporter -->
<testsuite hostname="SPNXIN-4CDJ924" failures="0" tests="6" name="day45.ParamTest" time="0.179" errors="0" timestamp="2024-09-12T21:43:16 IST" skipped="0">
  <testcase classname="day45.ParamTest" name="testLogo" time="0.047"/>
  <system-out/>
  <testcase classname="day45.ParamTest" name="testLogo" time="0.072"/>
  <system-out/>
  <testcase classname="day45.ParamTest" name="testTitle" time="0.014"/>
  <system-out/>
  <testcase classname="day45.ParamTest" name="testTitle" time="0.015"/>
  <system-out/>
  <testcase classname="day45.ParamTest" name="testURL" time="0.017"/>
  <system-out/>
  <testcase classname="day45.ParamTest" name="testURL" time="0.014"/>
  <system-out/>
</testsuite> <!-- day45.ParamTest -->
