<?xml version="1.0" encoding="UTF-8"?>
<!-- Generated by org.testng.reporters.JUnitReportReporter -->
<testsuite hostname="SPNXIN-4CDJ924" failures="0" tests="1" name="day43.AllAnnotations" time="0.017" errors="0" timestamp="2024-09-10T17:19:51 IST" skipped="0">
  <testcase classname="day43.AllAnnotations" name="test" time="0.017"/>
  <system-out/>
</testsuite> <!-- day43.AllAnnotations -->
