<?xml version="1.0" encoding="UTF-8"?>
<!-- Generated by org.testng.reporters.JUnitReportReporter -->
<testsuite hostname="SPNXIN-4CDJ924" failures="0" tests="2" name="day43.pack.C3" time="0.006" errors="0" timestamp="2024-09-10T17:12:32 IST" skipped="0">
  <testcase classname="day43.pack.C3" name="mno" time="0.002"/>
  <system-out/>
  <testcase classname="day43.pack.C3" name="mno" time="0.004"/>
  <system-out/>
</testsuite> <!-- day43.pack.C3 -->
