<?xml version="1.0" encoding="UTF-8"?>
<!-- Generated by org.testng.reporters.JUnitReportReporter -->
<testsuite hostname="SPNXIN-4CDJ924" failures="0" tests="3" name="day44.SignUpTests" time="0.046" errors="0" timestamp="2024-09-12T14:53:17 IST" skipped="0">
  <testcase classname="day44.SignUpTests" name="signupByEmail" time="0.036"/>
  <system-out/>
  <testcase classname="day44.SignUpTests" name="signupByFB" time="0.007"/>
  <system-out/>
  <testcase classname="day44.SignUpTests" name="signupByTW" time="0.003"/>
  <system-out/>
</testsuite> <!-- day44.SignUpTests -->
